<?xml version="1.0" encoding="UTF-8"?>
<testsuite xmlns:xsi="http://www.w3.org/2001/XMLSchema-instance" xsi:noNamespaceSchemaLocation="https://maven.apache.org/surefire/maven-surefire-plugin/xsd/surefire-test-report.xsd" name="PigLatinTranslatorTest" time="0.716" tests="22" errors="0" skipped="0" failures="0">
  <properties>
    <property name="java.specification.version" value="17"/>
    <property name="sun.jnu.encoding" value="UTF-8"/>
    <property name="java.class.path" value="/home/runner/Tema-31-Pig-LatinCurtnazarEliz/tema3_1/target/test-classes:/home/runner/Tema-31-Pig-LatinCurtnazarEliz/tema3_1/target/classes:/home/runner/.m2/repository/junit/junit/4.11/junit-4.11.jar:/home/runner/.m2/repository/org/hamcrest/hamcrest-core/1.3/hamcrest-core-1.3.jar:/home/runner/.m2/repository/org/assertj/assertj-core/3.22.0/assertj-core-3.22.0.jar:"/>
    <property name="java.vm.vendor" value="GraalVM Community"/>
    <property name="sun.arch.data.model" value="64"/>
    <property name="java.vendor.url" value="https://www.graalvm.org/"/>
    <property name="os.name" value="Linux"/>
    <property name="java.vm.specification.version" value="17"/>
    <property name="sun.java.launcher" value="SUN_STANDARD"/>
    <property name="user.country" value="US"/>
    <property name="sun.boot.library.path" value="/nix/store/l8qxnj7bsxm5kx4bdx2cqyrwd540zgbw-graalvm17-ce/lib"/>
    <property name="sun.java.command" value="/home/runner/Tema-31-Pig-LatinCurtnazarEliz/tema3_1/target/surefire/surefirebooter17227080845511844833.jar /home/runner/Tema-31-Pig-LatinCurtnazarEliz/tema3_1/target/surefire 2022-12-09T17-44-30_629-jvmRun1 surefire11799444265870011534tmp surefire_09554128552918087902tmp"/>
    <property name="jdk.debug" value="release"/>
    <property name="surefire.test.class.path" value="/home/runner/Tema-31-Pig-LatinCurtnazarEliz/tema3_1/target/test-classes:/home/runner/Tema-31-Pig-LatinCurtnazarEliz/tema3_1/target/classes:/home/runner/.m2/repository/junit/junit/4.11/junit-4.11.jar:/home/runner/.m2/repository/org/hamcrest/hamcrest-core/1.3/hamcrest-core-1.3.jar:/home/runner/.m2/repository/org/assertj/assertj-core/3.22.0/assertj-core-3.22.0.jar:"/>
    <property name="sun.cpu.endian" value="little"/>
    <property name="user.home" value="/home/runner"/>
    <property name="user.language" value="en"/>
    <property name="java.specification.vendor" value="Oracle Corporation"/>
    <property name="java.version.date" value="2021-10-19"/>
    <property name="java.home" value="/nix/store/l8qxnj7bsxm5kx4bdx2cqyrwd540zgbw-graalvm17-ce"/>
    <property name="file.separator" value="/"/>
    <property name="basedir" value="/home/runner/Tema-31-Pig-LatinCurtnazarEliz/tema3_1"/>
    <property name="java.vm.compressedOopsMode" value="32-bit"/>
    <property name="jdk.internal.vm.ci.enabled" value="true"/>
    <property name="line.separator" value="&#10;"/>
    <property name="java.specification.name" value="Java Platform API Specification"/>
    <property name="java.vm.specification.vendor" value="Oracle Corporation"/>
    <property name="surefire.real.class.path" value="/home/runner/Tema-31-Pig-LatinCurtnazarEliz/tema3_1/target/surefire/surefirebooter17227080845511844833.jar"/>
    <property name="sun.management.compiler" value="HotSpot 64-Bit Tiered Compilers"/>
    <property name="java.runtime.version" value="17.0.1+12-jvmci-21.3-b05"/>
    <property name="user.name" value="runner"/>
    <property name="path.separator" value=":"/>
    <property name="os.version" value="5.15.0-1025-gcp"/>
    <property name="java.runtime.name" value="OpenJDK Runtime Environment"/>
    <property name="file.encoding" value="UTF-8"/>
    <property name="java.vm.name" value="OpenJDK 64-Bit Server VM"/>
    <property name="java.vendor.version" value="GraalVM CE 21.3.0"/>
    <property name="localRepository" value="/home/runner/.m2/repository"/>
    <property name="java.vendor.url.bug" value="https://github.com/oracle/graal/issues"/>
    <property name="java.io.tmpdir" value="/tmp"/>
    <property name="java.version" value="17.0.1"/>
    <property name="user.dir" value="/home/runner/Tema-31-Pig-LatinCurtnazarEliz/tema3_1"/>
    <property name="os.arch" value="amd64"/>
    <property name="java.vm.specification.name" value="Java Virtual Machine Specification"/>
    <property name="native.encoding" value="UTF-8"/>
    <property name="java.library.path" value="/nix/store/3yf8p4a9a7gfhgihlzkq1a9xrrk4n5wd-cups-2.3.3op2-lib/lib:/nix/store/8mcnd63wsr8xjw40hhf2q9ab81falxa4-cairo-1.16.0/lib:/nix/store/5dlss2lninhnx2iaa48mngngjnn18q9k-glib-2.70.1/lib:/nix/store/qrjwv72q9b381bwpn1780jsqc6nwaqmn-gtk+3-3.24.30/lib:/nix/store/3yf8p4a9a7gfhgihlzkq1a9xrrk4n5wd-cups-2.3.3op2-lib/lib:/nix/store/8mcnd63wsr8xjw40hhf2q9ab81falxa4-cairo-1.16.0/lib:/nix/store/5dlss2lninhnx2iaa48mngngjnn18q9k-glib-2.70.1/lib:/nix/store/qrjwv72q9b381bwpn1780jsqc6nwaqmn-gtk+3-3.24.30/lib:/nix/store/hisqvx32cd57apbpcsnkpx6k3549wql1-libglvnd-1.4.0/lib:/nix/store/p36pgcv991mq5srvg765b78yqpxvk3qs-mesa-21.3.3-drivers/lib:/nix/store/mav4251if1ahjq5vkpwycyyvnmy459c4-pulseaudio-14.2/lib:/usr/java/packages/lib:/usr/lib64:/lib64:/lib:/usr/lib"/>
    <property name="java.vm.info" value="mixed mode, sharing"/>
    <property name="java.vendor" value="GraalVM Community"/>
    <property name="java.vm.version" value="17.0.1+12-jvmci-21.3-b05"/>
    <property name="sun.io.unicode.encoding" value="UnicodeLittle"/>
    <property name="java.class.version" value="61.0"/>
  </properties>
  <testcase name="testYAsSecondLetterInTwoLetterWord" classname="PigLatinTranslatorTest" time="0.003"/>
  <testcase name="testAWholePhrase" classname="PigLatinTranslatorTest" time="0.001"/>
  <testcase name="testWordBeginningWithQWithoutAFollowingU" classname="PigLatinTranslatorTest" time="0.001"/>
  <testcase name="testWordBeginningWithA" classname="PigLatinTranslatorTest" time="0.002"/>
  <testcase name="testWordBeginningWithE" classname="PigLatinTranslatorTest" time="0.001"/>
  <testcase name="testWordBeginningWithI" classname="PigLatinTranslatorTest" time="0.001"/>
  <testcase name="testWordBeginningWithK" classname="PigLatinTranslatorTest" time="0.002"/>
  <testcase name="testWordBeginningWithO" classname="PigLatinTranslatorTest" time="0"/>
  <testcase name="testWordBeginningWithP" classname="PigLatinTranslatorTest" time="0.002"/>
  <testcase name="testWordBeginningWithU" classname="PigLatinTranslatorTest" time="0"/>
  <testcase name="testWordBeginningWithX" classname="PigLatinTranslatorTest" time="0"/>
  <testcase name="testYTreatedLikeAConsonantAtTheBeginningOfAWord" classname="PigLatinTranslatorTest" time="0"/>
  <testcase name="testQuAndAPrecedingConsonantTreatedLikeAConsonantAtTheBeginningOfAWord" classname="PigLatinTranslatorTest" time="0.005"/>
  <testcase name="testWordBeginningWithVowelAndFollowedByQu" classname="PigLatinTranslatorTest" time="0"/>
  <testcase name="testThTreatedLikeAConsonantAtTheBeginningOfAWord" classname="PigLatinTranslatorTest" time="0"/>
  <testcase name="testSchTreatedLikeAConsonantAtTheBeginningOfAWord" classname="PigLatinTranslatorTest" time="0"/>
  <testcase name="testChTreatedLikeAConsonantAtTheBeginningOfAWord" classname="PigLatinTranslatorTest" time="0.001"/>
  <testcase name="testYTreatedLikeAVowelAtTheEndOfAConsonantCluster" classname="PigLatinTranslatorTest" time="0"/>
  <testcase name="testYtTreatedLikeAVowelAtTheBeginningOfAWord" classname="PigLatinTranslatorTest" time="0"/>
  <testcase name="testQuTreatedLikeAConsonantAtTheBeginningOfAWord" classname="PigLatinTranslatorTest" time="0.001"/>
  <testcase name="testThrTreatedLikeAConsonantAtTheBeginningOfAWord" classname="PigLatinTranslatorTest" time="0"/>
  <testcase name="testXrTreatedLikeAVowelAtTheBeginningOfAWord" classname="PigLatinTranslatorTest" time="0.001"/>
</testsuite>